2020-09-20 10:32:58 上午 [Thread: main][ Class:com.tce.newspider.downloader.HttpClientDownloader >> Method: com.tce.newspider.downloader.HttpClientDownloader.download(HttpClientDownloader.java:97) ]
INFO:0
2020-09-20 10:35:15 上午 [Thread: main][ Class:com.tce.newspider.downloader.HttpClientDownloader >> Method: com.tce.newspider.downloader.HttpClientDownloader.download(HttpClientDownloader.java:98) ]
INFO:0
2020-09-20 10:35:36 上午 [Thread: main][ Class:com.tce.newspider.downloader.HttpClientDownloader >> Method: com.tce.newspider.downloader.HttpClientDownloader.download(HttpClientDownloader.java:98) ]
INFO:[Lorg.apache.http.Header;@34c4973
2020-09-20 10:36:24 上午 [Thread: main][ Class:com.tce.newspider.downloader.HttpClientDownloader >> Method: com.tce.newspider.downloader.HttpClientDownloader.download(HttpClientDownloader.java:98) ]
INFO:Connection: Keep-Alive
2020-09-20 10:37:25 上午 [Thread: main][ Class:com.tce.newspider.downloader.HttpClientDownloader >> Method: com.tce.newspider.downloader.HttpClientDownloader.download(HttpClientDownloader.java:98) ]
INFO:Connection: Keep-Alive
2020-09-20 10:38:13 上午 [Thread: main][ Class:com.tce.newspider.downloader.HttpClientDownloader >> Method: com.tce.newspider.downloader.HttpClientDownloader.download(HttpClientDownloader.java:98) ]
INFO:Connection: Keep-Alive
2020-09-20 10:44:16 上午 [Thread: main][ Class:com.tce.newspider.downloader.HttpClientDownloader >> Method: com.tce.newspider.downloader.HttpClientDownloader.download(HttpClientDownloader.java:103) ]
INFO:false
2020-09-20 10:46:43 上午 [Thread: main][ Class:com.tce.newspider.downloader.HttpClientDownloader >> Method: com.tce.newspider.downloader.HttpClientDownloader.download(HttpClientDownloader.java:107) ]
INFO:0
2020-09-20 10:51:53 上午 [Thread: main][ Class:com.tce.newspider.downloader.HttpClientDownloader >> Method: com.tce.newspider.downloader.HttpClientDownloader.download(HttpClientDownloader.java:108) ]
INFO:1
2020-09-20 10:52:49 上午 [Thread: main][ Class:com.tce.newspider.downloader.HttpClientDownloader >> Method: com.tce.newspider.downloader.HttpClientDownloader.download(HttpClientDownloader.java:108) ]
INFO:1
2020-09-20 13:01:02 下午 [Thread: main][ Class:com.tce.newspider.downloader.HttpClientDownloader >> Method: com.tce.newspider.downloader.HttpClientDownloader.download(HttpClientDownloader.java:112) ]
INFO:1
2020-09-20 13:01:03 下午 [Thread: main][ Class:com.tce.newspider.downloader.HttpClientDownloader >> Method: com.tce.newspider.downloader.HttpClientDownloader.download(HttpClientDownloader.java:164) ]
ERROR:java.net.SocketTimeoutException: Read timed out
2020-09-20 13:02:40 下午 [Thread: main][ Class:com.tce.newspider.downloader.HttpClientDownloader >> Method: com.tce.newspider.downloader.HttpClientDownloader.download(HttpClientDownloader.java:112) ]
INFO:1
2020-09-20 13:02:40 下午 [Thread: main][ Class:com.tce.newspider.downloader.HttpClientDownloader >> Method: com.tce.newspider.downloader.HttpClientDownloader.download(HttpClientDownloader.java:140) ]
INFO:返回状态：302
2020-09-20 13:04:47 下午 [Thread: main][ Class:com.tce.newspider.downloader.HttpClientDownloader >> Method: com.tce.newspider.downloader.HttpClientDownloader.download(HttpClientDownloader.java:112) ]
INFO:1
2020-09-20 13:04:48 下午 [Thread: main][ Class:com.tce.newspider.downloader.HttpClientDownloader >> Method: com.tce.newspider.downloader.HttpClientDownloader.download(HttpClientDownloader.java:140) ]
INFO:返回状态：200
2020-09-20 13:04:48 下午 [Thread: main][ Class:com.tce.newspider.downloader.HttpClientDownloader >> Method: com.tce.newspider.downloader.HttpClientDownloader.download(HttpClientDownloader.java:164) ]
ERROR:java.io.IOException: Stream closed
2020-09-20 13:07:45 下午 [Thread: main][ Class:com.tce.newspider.downloader.HttpClientDownloader >> Method: com.tce.newspider.downloader.HttpClientDownloader.download(HttpClientDownloader.java:112) ]
INFO:1
2020-09-20 13:07:46 下午 [Thread: main][ Class:com.tce.newspider.downloader.HttpClientDownloader >> Method: com.tce.newspider.downloader.HttpClientDownloader.download(HttpClientDownloader.java:141) ]
INFO:返回状态：200
2020-09-20 13:07:46 下午 [Thread: main][ Class:com.tce.newspider.downloader.HttpClientDownloader >> Method: com.tce.newspider.downloader.HttpClientDownloader.download(HttpClientDownloader.java:148) ]
INFO:字节流：java.io.ByteArrayInputStream@6973b51b
2020-09-20 13:07:46 下午 [Thread: main][ Class:com.tce.newspider.downloader.HttpClientDownloader >> Method: com.tce.newspider.downloader.HttpClientDownloader.download(HttpClientDownloader.java:165) ]
ERROR:java.io.IOException: Stream closed
2020-09-20 13:10:11 下午 [Thread: main][ Class:com.tce.newspider.downloader.HttpClientDownloader >> Method: com.tce.newspider.downloader.HttpClientDownloader.download(HttpClientDownloader.java:112) ]
INFO:1
2020-09-20 13:10:11 下午 [Thread: main][ Class:com.tce.newspider.downloader.HttpClientDownloader >> Method: com.tce.newspider.downloader.HttpClientDownloader.download(HttpClientDownloader.java:141) ]
INFO:返回状态：200
2020-09-20 13:10:11 下午 [Thread: main][ Class:com.tce.newspider.downloader.HttpClientDownloader >> Method: com.tce.newspider.downloader.HttpClientDownloader.download(HttpClientDownloader.java:148) ]
INFO:字节流：java.io.ByteArrayInputStream@6973b51b
2020-09-20 13:15:22 下午 [Thread: main][ Class:com.tce.newspider.downloader.HttpClientDownloader >> Method: com.tce.newspider.downloader.HttpClientDownloader.download(HttpClientDownloader.java:112) ]
INFO:1
2020-09-20 13:15:22 下午 [Thread: main][ Class:com.tce.newspider.downloader.HttpClientDownloader >> Method: com.tce.newspider.downloader.HttpClientDownloader.download(HttpClientDownloader.java:141) ]
INFO:返回状态：200
2020-09-20 13:15:22 下午 [Thread: main][ Class:com.tce.newspider.downloader.HttpClientDownloader >> Method: com.tce.newspider.downloader.HttpClientDownloader.download(HttpClientDownloader.java:148) ]
INFO:字节流：java.io.ByteArrayInputStream@6973b51b
